<?xml version="1.0" encoding="UTF-8"?>
<!-- Generated by org.testng.reporters.JUnitXMLReporter -->
<testsuite hostname="LT-NB-706" name="Test" tests="1" failures="0" timestamp="16 Nov 2022 08:35:24 GMT" time="0.251" errors="0">
  <testcase name="@BeforeClass setup" time="0.0" classname="com.runner.Runner">
    <failure type="java.lang.NoClassDefFoundError" message="cucumber/deps/com/thoughtworks/xstream/converters/ConverterRegistry">
      <![CDATA[java.lang.NoClassDefFoundError: cucumber/deps/com/thoughtworks/xstream/converters/ConverterRegistry
	at cucumber.runtime.Runtime.<init>(Runtime.java:88)
	at cucumber.runtime.Runtime.<init>(Runtime.java:70)
	at cucumber.runtime.Runtime.<init>(Runtime.java:66)
	at cucumber.api.testng.TestNGCucumberRunner.<init>(TestNGCucumberRunner.java:42)
	at com.runner.Runner.setup(Runner.java:18)
	at java.util.concurrent.FutureTask.run(Unknown Source)
	at java.util.concurrent.ThreadPoolExecutor.runWorker(Unknown Source)
	at java.util.concurrent.ThreadPoolExecutor$Worker.run(Unknown Source)
	at java.lang.Thread.run(Unknown Source)
Caused by: java.lang.ClassNotFoundException: cucumber.deps.com.thoughtworks.xstream.converters.ConverterRegistry
	at java.net.URLClassLoader.findClass(Unknown Source)
	at java.lang.ClassLoader.loadClass(Unknown Source)
	at sun.misc.Launcher$AppClassLoader.loadClass(Unknown Source)
	at java.lang.ClassLoader.loadClass(Unknown Source)
	... 25 more
... Removed 16 stack frames]]>
    </failure>
  </testcase> <!-- @BeforeClass setup -->
  <testcase name="@AfterClass tearDownClass" time="0.0" classname="com.runner.Runner">
    <failure type="java.lang.NullPointerException">
      <![CDATA[java.lang.NullPointerException
	at com.runner.Runner.tearDownClass(Runner.java:33)
	at java.util.concurrent.FutureTask.run(Unknown Source)
	at java.util.concurrent.ThreadPoolExecutor.runWorker(Unknown Source)
	at java.util.concurrent.ThreadPoolExecutor$Worker.run(Unknown Source)
	at java.lang.Thread.run(Unknown Source)
... Removed 16 stack frames]]>
    </failure>
  </testcase> <!-- @AfterClass tearDownClass -->
  <testcase name="feature" time="0.0" classname="com.runner.Runner">
    <skipped/>
  </testcase> <!-- feature -->
</testsuite> <!-- Test -->
